<?xml version="1.0" encoding="UTF-8"?>
<testng-results skipped="0" failed="1" ignored="0" total="1" passed="0">
  <reporter-output>
  </reporter-output>
  <suite name="Default suite" duration-ms="13535" started-at="2022-01-04T21:44:17 IST" finished-at="2022-01-04T21:44:30 IST">
    <groups>
    </groups>
    <test name="Default test" duration-ms="13535" started-at="2022-01-04T21:44:17 IST" finished-at="2022-01-04T21:44:30 IST">
      <class name="pom_tests.CompareItemTest">
        <test-method status="PASS" signature="setup()[pri:0, instance:pom_tests.CompareItemTest@670b40af]" name="setup" is-config="true" duration-ms="5104" started-at="2022-01-04T21:44:17 IST" finished-at="2022-01-04T21:44:22 IST">
          <reporter-output>
          </reporter-output>
        </test-method> <!-- setup -->
        <test-method status="FAIL" signature="comparision()[pri:0, instance:pom_tests.CompareItemTest@670b40af]" name="comparision" duration-ms="8124" started-at="2022-01-04T21:44:22 IST" finished-at="2022-01-04T21:44:30 IST">
          <exception class="java.lang.NumberFormatException">
            <message>
              <![CDATA[For input string: "20,900"]]>
            </message>
            <full-stacktrace>
              <![CDATA[java.lang.NumberFormatException: For input string: "20,900"
at java.lang.NumberFormatException.forInputString(NumberFormatException.java:65)
at java.lang.Long.parseLong(Long.java:589)
at java.lang.Long.parseLong(Long.java:631)
at pom_pages.Compareitem.comparisionOnPrices(Compareitem.java:99)
at pom_tests.CompareItemTest.comparision(CompareItemTest.java:26)
at sun.reflect.NativeMethodAccessorImpl.invoke0(Native Method)
at sun.reflect.NativeMethodAccessorImpl.invoke(NativeMethodAccessorImpl.java:62)
at sun.reflect.DelegatingMethodAccessorImpl.invoke(DelegatingMethodAccessorImpl.java:43)
at java.lang.reflect.Method.invoke(Method.java:498)
at org.testng.internal.MethodInvocationHelper.invokeMethod(MethodInvocationHelper.java:133)
at org.testng.internal.TestInvoker.invokeMethod(TestInvoker.java:598)
at org.testng.internal.TestInvoker.invokeTestMethod(TestInvoker.java:173)
at org.testng.internal.MethodRunner.runInSequence(MethodRunner.java:46)
at org.testng.internal.TestInvoker$MethodInvocationAgent.invoke(TestInvoker.java:824)
at org.testng.internal.TestInvoker.invokeTestMethods(TestInvoker.java:146)
at org.testng.internal.TestMethodWorker.invokeTestMethods(TestMethodWorker.java:146)
at org.testng.internal.TestMethodWorker.run(TestMethodWorker.java:128)
at java.util.ArrayList.forEach(ArrayList.java:1259)
at org.testng.TestRunner.privateRun(TestRunner.java:794)
at org.testng.TestRunner.run(TestRunner.java:596)
at org.testng.SuiteRunner.runTest(SuiteRunner.java:377)
at org.testng.SuiteRunner.runSequentially(SuiteRunner.java:371)
at org.testng.SuiteRunner.privateRun(SuiteRunner.java:332)
at org.testng.SuiteRunner.run(SuiteRunner.java:276)
at org.testng.SuiteRunnerWorker.runSuite(SuiteRunnerWorker.java:53)
at org.testng.SuiteRunnerWorker.run(SuiteRunnerWorker.java:96)
at org.testng.TestNG.runSuitesSequentially(TestNG.java:1212)
at org.testng.TestNG.runSuitesLocally(TestNG.java:1134)
at org.testng.TestNG.runSuites(TestNG.java:1063)
at org.testng.TestNG.run(TestNG.java:1031)
at org.testng.remote.AbstractRemoteTestNG.run(AbstractRemoteTestNG.java:115)
at org.testng.remote.RemoteTestNG.initAndRun(RemoteTestNG.java:251)
at org.testng.remote.RemoteTestNG.main(RemoteTestNG.java:77)
]]>
            </full-stacktrace>
          </exception> <!-- java.lang.NumberFormatException -->
          <reporter-output>
          </reporter-output>
        </test-method> <!-- comparision -->
        <test-method status="PASS" signature="tearDown()[pri:0, instance:pom_tests.CompareItemTest@670b40af]" name="tearDown" is-config="true" duration-ms="271" started-at="2022-01-04T21:44:30 IST" finished-at="2022-01-04T21:44:30 IST">
          <reporter-output>
          </reporter-output>
        </test-method> <!-- tearDown -->
      </class> <!-- pom_tests.CompareItemTest -->
    </test> <!-- Default test -->
  </suite> <!-- Default suite -->
</testng-results>
